<?xml version="1.0" encoding="UTF-8"?>
<TestRun id="8821c3e2-e117-485f-8a43-8f675ef2fc80" name="AFTECH@TRINHVANQUI 2015-08-30 16:02:47" runUser="TRINHVANQUI\AFTECH" xmlns="http://microsoft.com/schemas/VisualStudio/TeamTest/2006">
  <TestRunConfiguration name="Local Test Run" id="35b1cbb2-bbe2-4988-adbb-0c3a4cdb4a21">
    <Description>This is a default test run configuration for a local test run.</Description>
    <Deployment runDeploymentRoot="E:\5.Working\_Workspace\C#\iUtils\TestResults\AFTECH_TRINHVANQUI 2015-08-30 16_02_47">
      <DeploymentItem filename="E:\5.Working\_Workspace\C#\iUtils\iUtils\bin\Debug\iUtils.dll" />
    </Deployment>
    <TestTypeSpecific />
  </TestRunConfiguration>
  <ResultSummary outcome="Completed">
    <Counters total="1" executed="1" passed="1" error="0" failed="0" timeout="0" aborted="0" inconclusive="0" passedButRunAborted="0" notRunnable="0" notExecuted="0" disconnected="0" warning="0" completed="0" inProgress="0" pending="0" />
  </ResultSummary>
  <Times creation="2015-08-30T16:02:47.3070711+07:00" queuing="2015-08-30T16:02:50.2720789+07:00" start="2015-08-30T16:02:50.7440842+07:00" finish="2015-08-30T16:02:52.0571252+07:00" />
  <TestDefinitions>
    <UnitTest name="getFileNameFromPathTest" storage="e:\5.working\_workspace\c#\iutils\testproject1\bin\debug\testproject1.dll" id="7743e99c-92ab-0237-a826-a550cf7e94e8">
      <Css projectStructure="" iteration="" />
      <Owners>
        <Owner name="" />
      </Owners>
      <Execution id="64aeecca-c0ce-4a84-8775-92b019721eb4" />
      <TestMethod codeBase="E:\5.Working\_Workspace\C#\iUtils\TestProject1\bin\Debug\TestProject1.dll" adapterTypeName="Microsoft.VisualStudio.TestTools.TestTypes.Unit.UnitTestAdapter, Microsoft.VisualStudio.QualityTools.Tips.UnitTest.Adapter, Version=9.0.0.0, Culture=neutral, PublicKeyToken=b03f5f7f11d50a3a" className="TestProject1.FileNFolderTest, TestProject1" name="getFileNameFromPathTest" />
    </UnitTest>
  </TestDefinitions>
  <TestLists>
    <TestList name="Results Not in a List" id="8c84fa94-04c1-424b-9868-57a2d4851a1d" />
    <TestList name="All Loaded Results" id="19431567-8539-422a-85d7-44ee4e166bda" />
  </TestLists>
  <TestEntries>
    <TestEntry testId="7743e99c-92ab-0237-a826-a550cf7e94e8" executionId="64aeecca-c0ce-4a84-8775-92b019721eb4" testListId="8c84fa94-04c1-424b-9868-57a2d4851a1d" />
  </TestEntries>
  <Results>
    <UnitTestResult executionId="64aeecca-c0ce-4a84-8775-92b019721eb4" testId="7743e99c-92ab-0237-a826-a550cf7e94e8" testName="getFileNameFromPathTest" computerName="TRINHVANQUI" duration="00:00:00.0823582" startTime="2015-08-30T16:02:50.9730900+07:00" endTime="2015-08-30T16:02:51.8941220+07:00" testType="13cdc9d9-ddb5-4fa4-a97d-d965ccfc6d4b" outcome="Passed" testListId="8c84fa94-04c1-424b-9868-57a2d4851a1d">
      <Output>
      </Output>
    </UnitTestResult>
  </Results>
</TestRun>